<?xml version="1.0" encoding="UTF-8"?>
<testsuite xmlns:xsi="http://www.w3.org/2001/XMLSchema-instance" xsi:noNamespaceSchemaLocation="https://maven.apache.org/surefire/maven-surefire-plugin/xsd/surefire-test-report-3.0.xsd" version="3.0" name="com.avanish.firstJobApplication.FirstJobApplicationTests" time="7.344" tests="1" errors="0" skipped="0" failures="0">
  <properties>
[...]
</properties>
  <testcase name="contextLoads" classname="com.avanish.firstJobApplication.FirstJobApplicationTests" time="0.585">
    <system-out><![CDATA[12:53:42.915 [main] INFO org.springframework.test.context.support.AnnotationConfigContextLoaderUtils -- Could not detect default configuration classes for test class [com.avanish.firstJobApplication.FirstJobApplicationTests]: FirstJobApplicationTests does not declare any static, non-private, non-final, nested classes annotated with @Configuration.
12:53:43.051 [main] INFO org.springframework.boot.test.context.SpringBootTestContextBootstrapper -- Found @SpringBootConfiguration com.avanish.firstJobApplication.FirstJobApplication for test class com.avanish.firstJobApplication.FirstJobApplicationTests

  .   ____          _            __ _ _
 /\\ / ___'_ __ _ _(_)_ __  __ _ \ \ \ \
( ( )\___ | '_ | '_| | '_ \/ _` | \ \ \ \
 \\/  ___)| |_)| | | | | || (_| |  ) ) ) )
  '  |____| .__|_| |_|_| |_\__, | / / / /
 =========|_|==============|___/=/_/_/_/
 :: Spring Boot ::                (v3.2.2)

2024-03-01T12:53:43.494+05:30  INFO 1500 --- [           main] c.a.f.FirstJobApplicationTests           : Starting FirstJobApplicationTests using Java 19 with PID 1500 (started by impri in D:\New SpringBoot session\firstJobApplication\firstJobApplication)
2024-03-01T12:53:43.495+05:30  INFO 1500 --- [           main] c.a.f.FirstJobApplicationTests           : No active profile set, falling back to 1 default profile: "default"
2024-03-01T12:53:44.617+05:30  INFO 1500 --- [           main] .s.d.r.c.RepositoryConfigurationDelegate : Bootstrapping Spring Data JPA repositories in DEFAULT mode.
2024-03-01T12:53:44.681+05:30  INFO 1500 --- [           main] .s.d.r.c.RepositoryConfigurationDelegate : Finished Spring Data repository scanning in 56 ms. Found 3 JPA repository interfaces.
2024-03-01T12:53:45.423+05:30  INFO 1500 --- [           main] o.hibernate.jpa.internal.util.LogHelper  : HHH000204: Processing PersistenceUnitInfo [name: default]
2024-03-01T12:53:45.511+05:30  INFO 1500 --- [           main] org.hibernate.Version                    : HHH000412: Hibernate ORM core version 6.4.1.Final
2024-03-01T12:53:45.557+05:30  INFO 1500 --- [           main] o.h.c.internal.RegionFactoryInitiator    : HHH000026: Second-level cache disabled
2024-03-01T12:53:45.908+05:30  INFO 1500 --- [           main] o.s.o.j.p.SpringPersistenceUnitInfo      : No LoadTimeWeaver setup: ignoring JPA class transformer
2024-03-01T12:53:45.951+05:30  INFO 1500 --- [           main] com.zaxxer.hikari.HikariDataSource       : HikariPool-1 - Starting...
2024-03-01T12:53:46.199+05:30  INFO 1500 --- [           main] com.zaxxer.hikari.pool.HikariPool        : HikariPool-1 - Added connection conn0: url=jdbc:h2:mem:test user=SA
2024-03-01T12:53:46.202+05:30  INFO 1500 --- [           main] com.zaxxer.hikari.HikariDataSource       : HikariPool-1 - Start completed.
2024-03-01T12:53:47.294+05:30  INFO 1500 --- [           main] o.h.e.t.j.p.i.JtaPlatformInitiator       : HHH000489: No JTA platform available (set 'hibernate.transaction.jta.platform' to enable JTA platform integration)
Hibernate: create table company_entity (id bigint generated by default as identity, description varchar(255), name varchar(255), primary key (id))
Hibernate: create table jobs (id bigint generated by default as identity, description varchar(255), location varchar(255), max_salary varchar(255), min_salary varchar(255), title varchar(255), company_id bigint, primary key (id))
Hibernate: create table review_entity (id bigint not null, description varchar(255), rating integer not null, title varchar(255), company_id bigint, primary key (id))
Hibernate: create sequence review_entity_seq start with 1 increment by 50
Hibernate: alter table if exists jobs add constraint FKnpw7qvpjimad89ayhaa7gp7vd foreign key (company_id) references company_entity
Hibernate: alter table if exists review_entity add constraint FKh16bbrbaddc2rbjypos9rstul foreign key (company_id) references company_entity
2024-03-01T12:53:47.373+05:30  INFO 1500 --- [           main] j.LocalContainerEntityManagerFactoryBean : Initialized JPA EntityManagerFactory for persistence unit 'default'
2024-03-01T12:53:48.205+05:30  WARN 1500 --- [           main] JpaBaseConfiguration$JpaWebConfiguration : spring.jpa.open-in-view is enabled by default. Therefore, database queries may be performed during view rendering. Explicitly configure spring.jpa.open-in-view to disable this warning
2024-03-01T12:53:49.186+05:30  INFO 1500 --- [           main] o.s.b.a.h2.H2ConsoleAutoConfiguration    : H2 console available at '/h2-console'. Database available at 'jdbc:h2:mem:test'
2024-03-01T12:53:49.240+05:30  INFO 1500 --- [           main] o.s.b.a.e.web.EndpointLinksResolver      : Exposing 13 endpoint(s) beneath base path '/actuator'
2024-03-01T12:53:49.316+05:30  INFO 1500 --- [           main] c.a.f.FirstJobApplicationTests           : Started FirstJobApplicationTests in 6.098 seconds (process running for 7.292)
]]></system-out>
  </testcase>
</testsuite>